app/build/intermediates/manifest_merge_blame_file/debug/manifest-merger-blame-debug-report.txt
1<?xml version="1.0" encoding="utf-8"?>
2<manifest xmlns:android="http://schemas.android.com/apk/res/android"
3    package="com.tierscooters.app"
4    android:versionCode="1"
5    android:versionName="1.0" >
6
7    <uses-sdk
8        android:minSdkVersion="22"
8-->src\main\AndroidManifest.xml
9        android:targetSdkVersion="30" />
9-->src\main\AndroidManifest.xml
10
11    <uses-permission android:name="android.permission.INTERNET" />
11-->src\main\AndroidManifest.xml:6:5-67
11-->src\main\AndroidManifest.xml:6:22-64
12    <uses-permission android:name="android.permission.ACCESS_COARSE_LOCATION" />
12-->src\main\AndroidManifest.xml:7:5-80
12-->src\main\AndroidManifest.xml:7:22-78
13    <uses-permission android:name="android.permission.ACCESS_FINE_LOCATION" />
13-->src\main\AndroidManifest.xml:8:5-78
13-->src\main\AndroidManifest.xml:8:22-76
14    <uses-permission android:name="android.permission.ACCESS_NETWORK_STATE" />
14-->src\main\AndroidManifest.xml:9:5-79
14-->src\main\AndroidManifest.xml:9:22-76
15
16    <uses-feature
16-->[com.google.android.gms:play-services-maps:17.0.0] AndroidManifest.xml:26:5-28:35
17        android:glEsVersion="0x00020000"
17-->[com.google.android.gms:play-services-maps:17.0.0] AndroidManifest.xml:27:9-41
18        android:required="true" />
18-->[com.google.android.gms:play-services-maps:17.0.0] AndroidManifest.xml:28:9-32
19
20    <application
20-->src\main\AndroidManifest.xml:12:5-40:19
21        android:name="com.tierscooters.app.BaseApplication"
21-->src\main\AndroidManifest.xml:13:9-60
22        android:allowBackup="true"
22-->src\main\AndroidManifest.xml:14:9-35
23        android:appComponentFactory="androidx.core.app.CoreComponentFactory"
23-->[androidx.core:core:1.3.0] AndroidManifest.xml:24:18-86
24        android:debuggable="true"
25        android:icon="@mipmap/ic_launcher"
25-->src\main\AndroidManifest.xml:15:9-43
26        android:label="@string/app_name"
26-->src\main\AndroidManifest.xml:16:9-41
27        android:networkSecurityConfig="@xml/network_security_config"
27-->src\main\AndroidManifest.xml:17:9-69
28        android:roundIcon="@mipmap/ic_launcher_round"
28-->src\main\AndroidManifest.xml:18:9-54
29        android:supportsRtl="true"
29-->src\main\AndroidManifest.xml:19:9-35
30        android:testOnly="true"
31        android:theme="@style/AppTheme" >
31-->src\main\AndroidManifest.xml:20:9-40
32        <uses-library
32-->src\main\AndroidManifest.xml:23:9-25:40
33            android:name="org.apache.http.legacy"
33-->src\main\AndroidManifest.xml:24:13-50
34            android:required="false" />
34-->src\main\AndroidManifest.xml:25:13-37
35
36        <activity
36-->src\main\AndroidManifest.xml:27:9-35:20
37            android:name="com.tierscooters.app.ui.main.MainActivity"
37-->src\main\AndroidManifest.xml:27:19-75
38            android:screenOrientation="portrait"
38-->src\main\AndroidManifest.xml:28:13-49
39            android:windowSoftInputMode="adjustResize" >
39-->src\main\AndroidManifest.xml:29:13-55
40            <intent-filter>
40-->src\main\AndroidManifest.xml:30:13-34:29
41                <action android:name="android.intent.action.MAIN" />
41-->src\main\AndroidManifest.xml:31:17-69
41-->src\main\AndroidManifest.xml:31:25-66
42
43                <category android:name="android.intent.category.LAUNCHER" />
43-->src\main\AndroidManifest.xml:33:17-77
43-->src\main\AndroidManifest.xml:33:27-74
44            </intent-filter>
45        </activity>
46
47        <meta-data
47-->src\main\AndroidManifest.xml:37:9-39:71
48            android:name="com.google.android.geo.API_KEY"
48-->src\main\AndroidManifest.xml:38:13-58
49            android:value="AIzaSyB2SLAxwdp3dxNJaWarMNFVPawxzH1Gz7Q" />
49-->src\main\AndroidManifest.xml:39:13-68
50        <meta-data
50-->[com.google.maps.android:android-maps-utils:0.5] AndroidManifest.xml:8:9-10:69
51            android:name="com.google.android.gms.version"
51-->[com.google.maps.android:android-maps-utils:0.5] AndroidManifest.xml:9:13-58
52            android:value="@integer/google_play_services_version" />
52-->[com.google.maps.android:android-maps-utils:0.5] AndroidManifest.xml:10:13-66
53
54        <provider
54-->[androidx.lifecycle:lifecycle-process:2.2.0-alpha03] AndroidManifest.xml:25:9-29:43
55            android:name="androidx.lifecycle.ProcessLifecycleOwnerInitializer"
55-->[androidx.lifecycle:lifecycle-process:2.2.0-alpha03] AndroidManifest.xml:26:13-79
56            android:authorities="com.tierscooters.app.lifecycle-process"
56-->[androidx.lifecycle:lifecycle-process:2.2.0-alpha03] AndroidManifest.xml:27:13-69
57            android:exported="false"
57-->[androidx.lifecycle:lifecycle-process:2.2.0-alpha03] AndroidManifest.xml:28:13-37
58            android:multiprocess="true" />
58-->[androidx.lifecycle:lifecycle-process:2.2.0-alpha03] AndroidManifest.xml:29:13-40
59
60        <activity
60-->[com.google.android.gms:play-services-base:17.5.0] AndroidManifest.xml:23:9-26:75
61            android:name="com.google.android.gms.common.api.GoogleApiActivity"
61-->[com.google.android.gms:play-services-base:17.5.0] AndroidManifest.xml:24:13-79
62            android:exported="false"
62-->[com.google.android.gms:play-services-base:17.5.0] AndroidManifest.xml:25:13-37
63            android:theme="@android:style/Theme.Translucent.NoTitleBar" />
63-->[com.google.android.gms:play-services-base:17.5.0] AndroidManifest.xml:26:13-72
64    </application>
65
66</manifest>